2022-10-14 16:23:07,726:INFO:Initializing load_model()
2022-10-14 16:23:07,726:INFO:load_model(model_name=/var/folders/r0/dj3pg4ln42v8rhc1x_nxgk_x01p4fs/T/tmp7s9d28mx/model/artifacts/mymodel, platform=None, authentication=None, verbose=True)
2022-10-14 16:23:07,738:INFO:Initializing load_model()
2022-10-14 16:23:07,739:INFO:load_model(model_name=/var/folders/r0/dj3pg4ln42v8rhc1x_nxgk_x01p4fs/T/tmp7s9d28mx/model/artifacts/mymodel, platform=None, authentication=None, verbose=True)
2022-10-14 16:24:10,457:INFO:Initializing load_model()
2022-10-14 16:24:10,458:INFO:load_model(model_name=/var/folders/r0/dj3pg4ln42v8rhc1x_nxgk_x01p4fs/T/tmp3060p69p/model/artifacts/mymodel, platform=None, authentication=None, verbose=True)
2022-10-14 16:24:10,467:INFO:Initializing load_model()
2022-10-14 16:24:10,468:INFO:load_model(model_name=/var/folders/r0/dj3pg4ln42v8rhc1x_nxgk_x01p4fs/T/tmp3060p69p/model/artifacts/mymodel, platform=None, authentication=None, verbose=True)
2022-10-14 16:24:23,790:INFO:Initializing load_model()
2022-10-14 16:24:23,790:INFO:load_model(model_name=/var/folders/r0/dj3pg4ln42v8rhc1x_nxgk_x01p4fs/T/tmpq_ztgtng/model/artifacts/mymodel, platform=None, authentication=None, verbose=True)
2022-10-14 16:24:23,799:INFO:Initializing load_model()
2022-10-14 16:24:23,799:INFO:load_model(model_name=/var/folders/r0/dj3pg4ln42v8rhc1x_nxgk_x01p4fs/T/tmpq_ztgtng/model/artifacts/mymodel, platform=None, authentication=None, verbose=True)
2022-10-14 16:24:25,204:INFO:Initializing load_model()
2022-10-14 16:24:25,204:INFO:load_model(model_name=/Users/ashutosh20.mishra/Desktop/image_classification/Image-Recognition-CIFAR-10/telecom/mlruns/0/975bde85eba34552811806ef1726a50b/artifacts/mymodel/artifacts/mymodel, platform=None, authentication=None, verbose=True)
2022-10-14 16:24:25,216:INFO:Initializing load_model()
2022-10-14 16:24:25,216:INFO:load_model(model_name=/Users/ashutosh20.mishra/Desktop/image_classification/Image-Recognition-CIFAR-10/telecom/mlruns/0/975bde85eba34552811806ef1726a50b/artifacts/mymodel/artifacts/mymodel, platform=None, authentication=None, verbose=True)
2022-10-14 16:58:05,762:INFO:Initializing load_model()
2022-10-14 16:58:05,762:INFO:load_model(model_name=/var/folders/r0/dj3pg4ln42v8rhc1x_nxgk_x01p4fs/T/tmpkpheioi5/model/artifacts/mymodel, platform=None, authentication=None, verbose=True)
2022-10-14 16:58:05,771:INFO:Initializing load_model()
2022-10-14 16:58:05,771:INFO:load_model(model_name=/var/folders/r0/dj3pg4ln42v8rhc1x_nxgk_x01p4fs/T/tmpkpheioi5/model/artifacts/mymodel, platform=None, authentication=None, verbose=True)
2022-10-14 16:58:07,261:INFO:Initializing load_model()
2022-10-14 16:58:07,261:INFO:load_model(model_name=/Users/ashutosh20.mishra/Desktop/image_classification/Image-Recognition-CIFAR-10/telecom/mlruns/0/975bde85eba34552811806ef1726a50b/artifacts/mymodel/artifacts/mymodel, platform=None, authentication=None, verbose=True)
2022-10-14 16:58:07,274:INFO:Initializing load_model()
2022-10-14 16:58:07,274:INFO:load_model(model_name=/Users/ashutosh20.mishra/Desktop/image_classification/Image-Recognition-CIFAR-10/telecom/mlruns/0/975bde85eba34552811806ef1726a50b/artifacts/mymodel/artifacts/mymodel, platform=None, authentication=None, verbose=True)
2022-10-14 16:59:46,073:INFO:Initializing load_model()
2022-10-14 16:59:46,073:INFO:load_model(model_name=/var/folders/r0/dj3pg4ln42v8rhc1x_nxgk_x01p4fs/T/tmp3hn81o6r/model/artifacts/mymodel, platform=None, authentication=None, verbose=True)
2022-10-14 16:59:46,095:INFO:Initializing load_model()
2022-10-14 16:59:46,095:INFO:load_model(model_name=/var/folders/r0/dj3pg4ln42v8rhc1x_nxgk_x01p4fs/T/tmp3hn81o6r/model/artifacts/mymodel, platform=None, authentication=None, verbose=True)
2022-10-14 16:59:47,497:INFO:Initializing load_model()
2022-10-14 16:59:47,497:INFO:load_model(model_name=/Users/ashutosh20.mishra/Desktop/image_classification/Image-Recognition-CIFAR-10/telecom/mlruns/0/975bde85eba34552811806ef1726a50b/artifacts/mymodel/artifacts/mymodel, platform=None, authentication=None, verbose=True)
2022-10-14 16:59:47,510:INFO:Initializing load_model()
2022-10-14 16:59:47,510:INFO:load_model(model_name=/Users/ashutosh20.mishra/Desktop/image_classification/Image-Recognition-CIFAR-10/telecom/mlruns/0/975bde85eba34552811806ef1726a50b/artifacts/mymodel/artifacts/mymodel, platform=None, authentication=None, verbose=True)
2022-10-14 17:00:07,038:INFO:Initializing load_model()
2022-10-14 17:00:07,038:INFO:load_model(model_name=/var/folders/r0/dj3pg4ln42v8rhc1x_nxgk_x01p4fs/T/tmpwzwy7qyf/model/artifacts/mymodel, platform=None, authentication=None, verbose=True)
2022-10-14 17:00:07,047:INFO:Initializing load_model()
2022-10-14 17:00:07,047:INFO:load_model(model_name=/var/folders/r0/dj3pg4ln42v8rhc1x_nxgk_x01p4fs/T/tmpwzwy7qyf/model/artifacts/mymodel, platform=None, authentication=None, verbose=True)
2022-10-17 10:56:12,951:INFO:Initializing load_model()
2022-10-17 10:56:12,952:INFO:load_model(model_name=/var/folders/r0/dj3pg4ln42v8rhc1x_nxgk_x01p4fs/T/tmpha74kyml/model/artifacts/mymodel, platform=None, authentication=None, verbose=True)
2022-10-17 10:56:12,963:INFO:Initializing load_model()
2022-10-17 10:56:12,963:INFO:load_model(model_name=/var/folders/r0/dj3pg4ln42v8rhc1x_nxgk_x01p4fs/T/tmpha74kyml/model/artifacts/mymodel, platform=None, authentication=None, verbose=True)
2022-10-17 11:06:36,154:INFO:Initializing load_model()
2022-10-17 11:06:36,154:INFO:load_model(model_name=/var/folders/r0/dj3pg4ln42v8rhc1x_nxgk_x01p4fs/T/tmpztvifda5/model/artifacts/mymodel, platform=None, authentication=None, verbose=True)
2022-10-17 11:06:36,164:INFO:Initializing load_model()
2022-10-17 11:06:36,164:INFO:load_model(model_name=/var/folders/r0/dj3pg4ln42v8rhc1x_nxgk_x01p4fs/T/tmpztvifda5/model/artifacts/mymodel, platform=None, authentication=None, verbose=True)
2022-10-17 11:07:28,678:INFO:Initializing load_model()
2022-10-17 11:07:28,679:INFO:load_model(model_name=/var/folders/r0/dj3pg4ln42v8rhc1x_nxgk_x01p4fs/T/tmpjoe3h4ec/model/artifacts/mymodel, platform=None, authentication=None, verbose=True)
2022-10-17 11:07:28,691:INFO:Initializing load_model()
2022-10-17 11:07:28,691:INFO:load_model(model_name=/var/folders/r0/dj3pg4ln42v8rhc1x_nxgk_x01p4fs/T/tmpjoe3h4ec/model/artifacts/mymodel, platform=None, authentication=None, verbose=True)
2022-10-17 11:08:27,893:INFO:Initializing load_model()
2022-10-17 11:08:27,894:INFO:load_model(model_name=/var/folders/r0/dj3pg4ln42v8rhc1x_nxgk_x01p4fs/T/tmptde4nnq0/model/artifacts/mymodel, platform=None, authentication=None, verbose=True)
2022-10-17 11:08:27,904:INFO:Initializing load_model()
2022-10-17 11:08:27,904:INFO:load_model(model_name=/var/folders/r0/dj3pg4ln42v8rhc1x_nxgk_x01p4fs/T/tmptde4nnq0/model/artifacts/mymodel, platform=None, authentication=None, verbose=True)
2022-10-17 11:16:49,160:INFO:Initializing load_model()
2022-10-17 11:16:49,161:INFO:load_model(model_name=mymodel.pkl, platform=None, authentication=None, verbose=True)
2022-10-17 11:17:01,202:INFO:Initializing load_model()
2022-10-17 11:17:01,202:INFO:load_model(model_name=mymodel, platform=None, authentication=None, verbose=True)
2022-10-17 14:21:35,045:INFO:Initializing load_model()
2022-10-17 14:21:35,046:INFO:load_model(model_name=mymodel, platform=None, authentication=None, verbose=True)
2022-10-17 14:21:35,091:INFO:Initializing predict_model()
2022-10-17 14:21:35,092:INFO:predict_model(estimator=Pipeline(steps=[('dtypes',
                 DataTypes_Auto_infer(display_types=False,
                                      ml_usecase='classification',
                                      numerical_features=['feat_cell_capacity',
                                                          'feat_cell_throughput',
                                                          'feat_cn_bw_ordinal',
                                                          'feat_cqi',
                                                          'feat_interference',
                                                          'feat_pusch_sinr',
                                                          'feat_rsrp',
                                                          'feat_ta'],
                                      target='good_download_throughput')),
                ('imputer',
                 Simple_Imputer(categorical_strategy='not_available'...
                ('clean_names', Clean_Colum_Names()),
                ('feature_select', 'passthrough'), ('fix_multi', 'passthrough'),
                ('dfs', 'passthrough'), ('pca', 'passthrough'),
                ['trained_model',
                 LGBMClassifier(bagging_fraction=0.6, bagging_freq=0,
                                feature_fraction=0.7, learning_rate=0.15,
                                min_child_samples=66, min_split_gain=0.6,
                                n_estimators=110, num_leaves=80,
                                random_state=43, reg_alpha=1, reg_lambda=1,
                                silent=True)]]), probability_threshold=None, encoded_labels=False, drift_report=False, raw_score=False, round=4, verbose=True, ml_usecase=MLUsecase.CLASSIFICATION, display=None, drift_kwargs=None)
2022-10-17 14:21:35,092:INFO:Checking exceptions
2022-10-17 14:21:35,092:INFO:Preloading libraries
2022-10-17 14:24:47,874:INFO:Initializing load_model()
2022-10-17 14:24:47,874:INFO:load_model(model_name=mymodel, platform=None, authentication=None, verbose=True)
2022-10-17 14:24:47,921:INFO:Initializing predict_model()
2022-10-17 14:24:47,921:INFO:predict_model(estimator=Pipeline(steps=[('dtypes',
                 DataTypes_Auto_infer(display_types=False,
                                      ml_usecase='classification',
                                      numerical_features=['feat_cell_capacity',
                                                          'feat_cell_throughput',
                                                          'feat_cn_bw_ordinal',
                                                          'feat_cqi',
                                                          'feat_interference',
                                                          'feat_pusch_sinr',
                                                          'feat_rsrp',
                                                          'feat_ta'],
                                      target='good_download_throughput')),
                ('imputer',
                 Simple_Imputer(categorical_strategy='not_available'...
                ('clean_names', Clean_Colum_Names()),
                ('feature_select', 'passthrough'), ('fix_multi', 'passthrough'),
                ('dfs', 'passthrough'), ('pca', 'passthrough'),
                ['trained_model',
                 LGBMClassifier(bagging_fraction=0.6, bagging_freq=0,
                                feature_fraction=0.7, learning_rate=0.15,
                                min_child_samples=66, min_split_gain=0.6,
                                n_estimators=110, num_leaves=80,
                                random_state=43, reg_alpha=1, reg_lambda=1,
                                silent=True)]]), probability_threshold=None, encoded_labels=False, drift_report=False, raw_score=False, round=4, verbose=True, ml_usecase=MLUsecase.CLASSIFICATION, display=None, drift_kwargs=None)
2022-10-17 14:24:47,921:INFO:Checking exceptions
2022-10-17 14:24:47,922:INFO:Preloading libraries
2022-10-17 14:47:20,914:INFO:Initializing load_model()
2022-10-17 14:47:20,914:INFO:load_model(model_name=mymodel, platform=None, authentication=None, verbose=True)
2022-10-17 14:50:15,830:INFO:Initializing load_model()
2022-10-17 14:50:15,831:INFO:load_model(model_name=mymodel, platform=None, authentication=None, verbose=True)
2022-10-17 14:50:32,942:INFO:Initializing load_model()
2022-10-17 14:50:32,942:INFO:load_model(model_name=mymodel, platform=None, authentication=None, verbose=True)
2022-10-17 14:50:32,985:INFO:Initializing predict_model()
2022-10-17 14:50:32,986:INFO:predict_model(estimator=Pipeline(steps=[('dtypes',
                 DataTypes_Auto_infer(display_types=False,
                                      ml_usecase='classification',
                                      numerical_features=['feat_cell_capacity',
                                                          'feat_cell_throughput',
                                                          'feat_cn_bw_ordinal',
                                                          'feat_cqi',
                                                          'feat_interference',
                                                          'feat_pusch_sinr',
                                                          'feat_rsrp',
                                                          'feat_ta'],
                                      target='good_download_throughput')),
                ('imputer',
                 Simple_Imputer(categorical_strategy='not_available'...
                ('clean_names', Clean_Colum_Names()),
                ('feature_select', 'passthrough'), ('fix_multi', 'passthrough'),
                ('dfs', 'passthrough'), ('pca', 'passthrough'),
                ['trained_model',
                 LGBMClassifier(bagging_fraction=0.6, bagging_freq=0,
                                feature_fraction=0.7, learning_rate=0.15,
                                min_child_samples=66, min_split_gain=0.6,
                                n_estimators=110, num_leaves=80,
                                random_state=43, reg_alpha=1, reg_lambda=1,
                                silent=True)]]), probability_threshold=None, encoded_labels=False, drift_report=False, raw_score=False, round=4, verbose=True, ml_usecase=MLUsecase.CLASSIFICATION, display=None, drift_kwargs=None)
2022-10-17 14:50:32,986:INFO:Checking exceptions
2022-10-17 14:50:32,986:INFO:Preloading libraries
2022-10-17 14:51:07,185:INFO:Initializing load_model()
2022-10-17 14:51:07,185:INFO:load_model(model_name=mymodel, platform=None, authentication=None, verbose=True)
2022-10-17 14:51:22,595:INFO:Initializing load_model()
2022-10-17 14:51:22,596:INFO:load_model(model_name=mymodel, platform=None, authentication=None, verbose=True)
2022-10-17 14:53:38,294:INFO:Initializing load_model()
2022-10-17 14:53:38,294:INFO:load_model(model_name=mymodel, platform=None, authentication=None, verbose=True)
2022-10-17 14:55:03,285:INFO:Initializing load_model()
2022-10-17 14:55:03,285:INFO:load_model(model_name=mymodel, platform=None, authentication=None, verbose=True)
2022-10-17 14:55:03,331:INFO:Initializing predict_model()
2022-10-17 14:55:03,332:INFO:predict_model(estimator=Pipeline(steps=[('dtypes',
                 DataTypes_Auto_infer(display_types=False,
                                      ml_usecase='classification',
                                      numerical_features=['feat_cell_capacity',
                                                          'feat_cell_throughput',
                                                          'feat_cn_bw_ordinal',
                                                          'feat_cqi',
                                                          'feat_interference',
                                                          'feat_pusch_sinr',
                                                          'feat_rsrp',
                                                          'feat_ta'],
                                      target='good_download_throughput')),
                ('imputer',
                 Simple_Imputer(categorical_strategy='not_available'...
                ('clean_names', Clean_Colum_Names()),
                ('feature_select', 'passthrough'), ('fix_multi', 'passthrough'),
                ('dfs', 'passthrough'), ('pca', 'passthrough'),
                ['trained_model',
                 LGBMClassifier(bagging_fraction=0.6, bagging_freq=0,
                                feature_fraction=0.7, learning_rate=0.15,
                                min_child_samples=66, min_split_gain=0.6,
                                n_estimators=110, num_leaves=80,
                                random_state=43, reg_alpha=1, reg_lambda=1,
                                silent=True)]]), probability_threshold=None, encoded_labels=False, drift_report=False, raw_score=False, round=4, verbose=True, ml_usecase=MLUsecase.CLASSIFICATION, display=None, drift_kwargs=None)
2022-10-17 14:55:03,332:INFO:Checking exceptions
2022-10-17 14:55:03,332:INFO:Preloading libraries
2022-10-17 14:57:03,780:INFO:Initializing load_model()
2022-10-17 14:57:03,781:INFO:load_model(model_name=mymodel, platform=None, authentication=None, verbose=True)
2022-10-17 15:03:27,023:INFO:Initializing load_model()
2022-10-17 15:03:27,023:INFO:load_model(model_name=diamond-pipeline, platform=None, authentication=None, verbose=True)
2022-10-17 15:04:04,984:INFO:Initializing load_model()
2022-10-17 15:04:04,984:INFO:load_model(model_name=mymodel, platform=None, authentication=None, verbose=True)
2022-10-17 15:04:51,021:INFO:Initializing load_model()
2022-10-17 15:04:51,021:INFO:load_model(model_name=mymodel, platform=None, authentication=None, verbose=True)
2022-10-17 15:04:55,563:INFO:Initializing load_model()
2022-10-17 15:04:55,563:INFO:load_model(model_name=mymodel, platform=None, authentication=None, verbose=True)
2022-10-17 15:05:08,520:INFO:Initializing load_model()
2022-10-17 15:05:08,520:INFO:load_model(model_name=mymodel, platform=None, authentication=None, verbose=True)
2022-10-17 15:05:12,703:INFO:Initializing load_model()
2022-10-17 15:05:12,704:INFO:load_model(model_name=mymodel, platform=None, authentication=None, verbose=True)
2022-10-17 15:11:44,246:INFO:Initializing load_model()
2022-10-17 15:11:44,246:INFO:load_model(model_name=mymodel, platform=None, authentication=None, verbose=True)
2022-10-17 15:12:12,876:INFO:Initializing load_model()
2022-10-17 15:12:12,877:INFO:load_model(model_name=mymodel, platform=None, authentication=None, verbose=True)
2022-10-17 15:28:41,466:INFO:Initializing load_model()
2022-10-17 15:28:41,466:INFO:load_model(model_name=mymodel, platform=None, authentication=None, verbose=True)
2022-10-17 15:28:46,742:INFO:Initializing load_model()
2022-10-17 15:28:46,743:INFO:load_model(model_name=mymodel, platform=None, authentication=None, verbose=True)
2022-10-17 15:29:01,691:INFO:Initializing load_model()
2022-10-17 15:29:01,691:INFO:load_model(model_name=mymodel, platform=None, authentication=None, verbose=True)
2022-10-17 15:43:30,573:INFO:Initializing load_model()
2022-10-17 15:43:30,573:INFO:load_model(model_name=mymodel, platform=None, authentication=None, verbose=True)
2022-10-17 15:43:30,617:INFO:Initializing predict_model()
2022-10-17 15:43:30,617:INFO:predict_model(estimator=Pipeline(steps=[('dtypes',
                 DataTypes_Auto_infer(display_types=False,
                                      ml_usecase='classification',
                                      numerical_features=['feat_cell_capacity',
                                                          'feat_cell_throughput',
                                                          'feat_cn_bw_ordinal',
                                                          'feat_cqi',
                                                          'feat_interference',
                                                          'feat_pusch_sinr',
                                                          'feat_rsrp',
                                                          'feat_ta'],
                                      target='good_download_throughput')),
                ('imputer',
                 Simple_Imputer(categorical_strategy='not_available'...
                ('clean_names', Clean_Colum_Names()),
                ('feature_select', 'passthrough'), ('fix_multi', 'passthrough'),
                ('dfs', 'passthrough'), ('pca', 'passthrough'),
                ['trained_model',
                 LGBMClassifier(bagging_fraction=0.6, bagging_freq=0,
                                feature_fraction=0.7, learning_rate=0.15,
                                min_child_samples=66, min_split_gain=0.6,
                                n_estimators=110, num_leaves=80,
                                random_state=43, reg_alpha=1, reg_lambda=1,
                                silent=True)]]), probability_threshold=None, encoded_labels=False, drift_report=False, raw_score=False, round=4, verbose=True, ml_usecase=MLUsecase.CLASSIFICATION, display=None, drift_kwargs=None)
2022-10-17 15:43:30,617:INFO:Checking exceptions
2022-10-17 15:56:53,307:INFO:Initializing load_model()
2022-10-17 15:56:53,307:INFO:load_model(model_name=mymodel, platform=None, authentication=None, verbose=True)
2022-10-17 15:56:53,351:INFO:Initializing predict_model()
2022-10-17 15:56:53,351:INFO:predict_model(estimator=Pipeline(steps=[('dtypes',
                 DataTypes_Auto_infer(display_types=False,
                                      ml_usecase='classification',
                                      numerical_features=['feat_cell_capacity',
                                                          'feat_cell_throughput',
                                                          'feat_cn_bw_ordinal',
                                                          'feat_cqi',
                                                          'feat_interference',
                                                          'feat_pusch_sinr',
                                                          'feat_rsrp',
                                                          'feat_ta'],
                                      target='good_download_throughput')),
                ('imputer',
                 Simple_Imputer(categorical_strategy='not_available'...
                ('clean_names', Clean_Colum_Names()),
                ('feature_select', 'passthrough'), ('fix_multi', 'passthrough'),
                ('dfs', 'passthrough'), ('pca', 'passthrough'),
                ['trained_model',
                 LGBMClassifier(bagging_fraction=0.6, bagging_freq=0,
                                feature_fraction=0.7, learning_rate=0.15,
                                min_child_samples=66, min_split_gain=0.6,
                                n_estimators=110, num_leaves=80,
                                random_state=43, reg_alpha=1, reg_lambda=1,
                                silent=True)]]), probability_threshold=None, encoded_labels=False, drift_report=False, raw_score=False, round=4, verbose=True, ml_usecase=MLUsecase.CLASSIFICATION, display=None, drift_kwargs=None)
2022-10-17 15:56:53,351:INFO:Checking exceptions
2022-10-17 15:57:27,296:INFO:Initializing load_model()
2022-10-17 15:57:27,296:INFO:load_model(model_name=mymodel, platform=None, authentication=None, verbose=True)
2022-10-17 15:57:38,087:INFO:Initializing load_model()
2022-10-17 15:57:38,088:INFO:load_model(model_name=mymodel, platform=None, authentication=None, verbose=True)
2022-10-17 15:57:38,210:INFO:Initializing predict_model()
2022-10-17 15:57:38,210:INFO:predict_model(estimator=Pipeline(steps=[('dtypes',
                 DataTypes_Auto_infer(display_types=False,
                                      ml_usecase='classification',
                                      numerical_features=['feat_cell_capacity',
                                                          'feat_cell_throughput',
                                                          'feat_cn_bw_ordinal',
                                                          'feat_cqi',
                                                          'feat_interference',
                                                          'feat_pusch_sinr',
                                                          'feat_rsrp',
                                                          'feat_ta'],
                                      target='good_download_throughput')),
                ('imputer',
                 Simple_Imputer(categorical_strategy='not_available'...
                ('clean_names', Clean_Colum_Names()),
                ('feature_select', 'passthrough'), ('fix_multi', 'passthrough'),
                ('dfs', 'passthrough'), ('pca', 'passthrough'),
                ['trained_model',
                 LGBMClassifier(bagging_fraction=0.6, bagging_freq=0,
                                feature_fraction=0.7, learning_rate=0.15,
                                min_child_samples=66, min_split_gain=0.6,
                                n_estimators=110, num_leaves=80,
                                random_state=43, reg_alpha=1, reg_lambda=1,
                                silent=True)]]), probability_threshold=None, encoded_labels=True, drift_report=False, raw_score=False, round=4, verbose=True, ml_usecase=MLUsecase.REGRESSION, display=None, drift_kwargs=None)
2022-10-17 15:57:38,210:INFO:Checking exceptions
2022-10-17 15:57:38,210:INFO:Preloading libraries
2022-10-17 15:58:23,105:INFO:Initializing load_model()
2022-10-17 15:58:23,106:INFO:load_model(model_name=mymodel, platform=None, authentication=None, verbose=True)
2022-10-17 15:59:44,037:INFO:Initializing load_model()
2022-10-17 15:59:44,038:INFO:load_model(model_name=mymodel, platform=None, authentication=None, verbose=True)
2022-10-17 16:07:40,683:INFO:Initializing load_model()
2022-10-17 16:07:40,683:INFO:load_model(model_name=mymodel, platform=None, authentication=None, verbose=True)
2022-10-17 16:07:40,802:INFO:Initializing predict_model()
2022-10-17 16:07:40,802:INFO:predict_model(estimator=Pipeline(steps=[('dtypes',
                 DataTypes_Auto_infer(display_types=False,
                                      ml_usecase='classification',
                                      numerical_features=['feat_cell_capacity',
                                                          'feat_cell_throughput',
                                                          'feat_cn_bw_ordinal',
                                                          'feat_cqi',
                                                          'feat_interference',
                                                          'feat_pusch_sinr',
                                                          'feat_rsrp',
                                                          'feat_ta'],
                                      target='good_download_throughput')),
                ('imputer',
                 Simple_Imputer(categorical_strategy='not_available'...
                ('clean_names', Clean_Colum_Names()),
                ('feature_select', 'passthrough'), ('fix_multi', 'passthrough'),
                ('dfs', 'passthrough'), ('pca', 'passthrough'),
                ['trained_model',
                 LGBMClassifier(bagging_fraction=0.6, bagging_freq=0,
                                feature_fraction=0.7, learning_rate=0.15,
                                min_child_samples=66, min_split_gain=0.6,
                                n_estimators=110, num_leaves=80,
                                random_state=43, reg_alpha=1, reg_lambda=1,
                                silent=True)]]), probability_threshold=None, encoded_labels=True, drift_report=False, raw_score=False, round=4, verbose=True, ml_usecase=MLUsecase.REGRESSION, display=None, drift_kwargs=None)
2022-10-17 16:07:40,802:INFO:Checking exceptions
2022-10-17 16:07:40,802:INFO:Preloading libraries
2022-10-17 16:08:02,301:INFO:Initializing load_model()
2022-10-17 16:08:02,301:INFO:load_model(model_name=mymodel, platform=None, authentication=None, verbose=True)
2022-10-17 16:08:02,427:INFO:Initializing predict_model()
2022-10-17 16:08:02,427:INFO:predict_model(estimator=Pipeline(steps=[('dtypes',
                 DataTypes_Auto_infer(display_types=False,
                                      ml_usecase='classification',
                                      numerical_features=['feat_cell_capacity',
                                                          'feat_cell_throughput',
                                                          'feat_cn_bw_ordinal',
                                                          'feat_cqi',
                                                          'feat_interference',
                                                          'feat_pusch_sinr',
                                                          'feat_rsrp',
                                                          'feat_ta'],
                                      target='good_download_throughput')),
                ('imputer',
                 Simple_Imputer(categorical_strategy='not_available'...
                ('clean_names', Clean_Colum_Names()),
                ('feature_select', 'passthrough'), ('fix_multi', 'passthrough'),
                ('dfs', 'passthrough'), ('pca', 'passthrough'),
                ['trained_model',
                 LGBMClassifier(bagging_fraction=0.6, bagging_freq=0,
                                feature_fraction=0.7, learning_rate=0.15,
                                min_child_samples=66, min_split_gain=0.6,
                                n_estimators=110, num_leaves=80,
                                random_state=43, reg_alpha=1, reg_lambda=1,
                                silent=True)]]), probability_threshold=None, encoded_labels=True, drift_report=False, raw_score=False, round=4, verbose=True, ml_usecase=MLUsecase.REGRESSION, display=None, drift_kwargs=None)
2022-10-17 16:08:02,427:INFO:Checking exceptions
2022-10-17 16:08:02,427:INFO:Preloading libraries
2022-10-17 16:16:03,089:INFO:Initializing load_model()
2022-10-17 16:16:03,090:INFO:load_model(model_name=mymodel, platform=None, authentication=None, verbose=True)
2022-10-17 16:16:03,214:INFO:Initializing predict_model()
2022-10-17 16:16:03,214:INFO:predict_model(estimator=Pipeline(steps=[('dtypes',
                 DataTypes_Auto_infer(display_types=False,
                                      ml_usecase='classification',
                                      numerical_features=['feat_cell_capacity',
                                                          'feat_cell_throughput',
                                                          'feat_cn_bw_ordinal',
                                                          'feat_cqi',
                                                          'feat_interference',
                                                          'feat_pusch_sinr',
                                                          'feat_rsrp',
                                                          'feat_ta'],
                                      target='good_download_throughput')),
                ('imputer',
                 Simple_Imputer(categorical_strategy='not_available'...
                ('clean_names', Clean_Colum_Names()),
                ('feature_select', 'passthrough'), ('fix_multi', 'passthrough'),
                ('dfs', 'passthrough'), ('pca', 'passthrough'),
                ['trained_model',
                 LGBMClassifier(bagging_fraction=0.6, bagging_freq=0,
                                feature_fraction=0.7, learning_rate=0.15,
                                min_child_samples=66, min_split_gain=0.6,
                                n_estimators=110, num_leaves=80,
                                random_state=43, reg_alpha=1, reg_lambda=1,
                                silent=True)]]), probability_threshold=None, encoded_labels=True, drift_report=False, raw_score=False, round=4, verbose=True, ml_usecase=MLUsecase.REGRESSION, display=None, drift_kwargs=None)
2022-10-17 16:16:03,214:INFO:Checking exceptions
2022-10-17 16:16:03,214:INFO:Preloading libraries
2022-10-17 16:16:51,939:INFO:Initializing load_model()
2022-10-17 16:16:51,939:INFO:load_model(model_name=mymodel, platform=None, authentication=None, verbose=True)
2022-10-17 16:28:32,667:INFO:Initializing load_model()
2022-10-17 16:28:32,668:INFO:load_model(model_name=mymodel, platform=None, authentication=None, verbose=True)
2022-10-17 16:28:32,792:INFO:Initializing predict_model()
2022-10-17 16:28:32,792:INFO:predict_model(estimator=Pipeline(steps=[('dtypes',
                 DataTypes_Auto_infer(display_types=False,
                                      ml_usecase='classification',
                                      numerical_features=['feat_cell_capacity',
                                                          'feat_cell_throughput',
                                                          'feat_cn_bw_ordinal',
                                                          'feat_cqi',
                                                          'feat_interference',
                                                          'feat_pusch_sinr',
                                                          'feat_rsrp',
                                                          'feat_ta'],
                                      target='good_download_throughput')),
                ('imputer',
                 Simple_Imputer(categorical_strategy='not_available'...
                ('clean_names', Clean_Colum_Names()),
                ('feature_select', 'passthrough'), ('fix_multi', 'passthrough'),
                ('dfs', 'passthrough'), ('pca', 'passthrough'),
                ['trained_model',
                 LGBMClassifier(bagging_fraction=0.6, bagging_freq=0,
                                feature_fraction=0.7, learning_rate=0.15,
                                min_child_samples=66, min_split_gain=0.6,
                                n_estimators=110, num_leaves=80,
                                random_state=43, reg_alpha=1, reg_lambda=1,
                                silent=True)]]), probability_threshold=None, encoded_labels=True, drift_report=False, raw_score=False, round=4, verbose=True, ml_usecase=MLUsecase.REGRESSION, display=None, drift_kwargs=None)
2022-10-17 16:28:32,792:INFO:Checking exceptions
2022-10-17 16:28:32,792:INFO:Preloading libraries
2022-10-17 16:31:38,579:INFO:Initializing load_model()
2022-10-17 16:31:38,580:INFO:load_model(model_name=mymodel, platform=None, authentication=None, verbose=True)
2022-10-17 16:31:38,708:INFO:Initializing predict_model()
2022-10-17 16:31:38,709:INFO:predict_model(estimator=Pipeline(steps=[('dtypes',
                 DataTypes_Auto_infer(display_types=False,
                                      ml_usecase='classification',
                                      numerical_features=['feat_cell_capacity',
                                                          'feat_cell_throughput',
                                                          'feat_cn_bw_ordinal',
                                                          'feat_cqi',
                                                          'feat_interference',
                                                          'feat_pusch_sinr',
                                                          'feat_rsrp',
                                                          'feat_ta'],
                                      target='good_download_throughput')),
                ('imputer',
                 Simple_Imputer(categorical_strategy='not_available'...
                ('clean_names', Clean_Colum_Names()),
                ('feature_select', 'passthrough'), ('fix_multi', 'passthrough'),
                ('dfs', 'passthrough'), ('pca', 'passthrough'),
                ['trained_model',
                 LGBMClassifier(bagging_fraction=0.6, bagging_freq=0,
                                feature_fraction=0.7, learning_rate=0.15,
                                min_child_samples=66, min_split_gain=0.6,
                                n_estimators=110, num_leaves=80,
                                random_state=43, reg_alpha=1, reg_lambda=1,
                                silent=True)]]), probability_threshold=None, encoded_labels=True, drift_report=False, raw_score=False, round=4, verbose=True, ml_usecase=MLUsecase.REGRESSION, display=None, drift_kwargs=None)
2022-10-17 16:31:38,709:INFO:Checking exceptions
2022-10-17 16:31:38,709:INFO:Preloading libraries
2022-10-17 16:32:24,075:INFO:Initializing load_model()
2022-10-17 16:32:24,075:INFO:load_model(model_name=mymodel, platform=None, authentication=None, verbose=True)
2022-10-17 16:32:24,203:INFO:Initializing predict_model()
2022-10-17 16:32:24,204:INFO:predict_model(estimator=Pipeline(steps=[('dtypes',
                 DataTypes_Auto_infer(display_types=False,
                                      ml_usecase='classification',
                                      numerical_features=['feat_cell_capacity',
                                                          'feat_cell_throughput',
                                                          'feat_cn_bw_ordinal',
                                                          'feat_cqi',
                                                          'feat_interference',
                                                          'feat_pusch_sinr',
                                                          'feat_rsrp',
                                                          'feat_ta'],
                                      target='good_download_throughput')),
                ('imputer',
                 Simple_Imputer(categorical_strategy='not_available'...
                ('clean_names', Clean_Colum_Names()),
                ('feature_select', 'passthrough'), ('fix_multi', 'passthrough'),
                ('dfs', 'passthrough'), ('pca', 'passthrough'),
                ['trained_model',
                 LGBMClassifier(bagging_fraction=0.6, bagging_freq=0,
                                feature_fraction=0.7, learning_rate=0.15,
                                min_child_samples=66, min_split_gain=0.6,
                                n_estimators=110, num_leaves=80,
                                random_state=43, reg_alpha=1, reg_lambda=1,
                                silent=True)]]), probability_threshold=None, encoded_labels=True, drift_report=False, raw_score=False, round=4, verbose=True, ml_usecase=MLUsecase.REGRESSION, display=None, drift_kwargs=None)
2022-10-17 16:32:24,204:INFO:Checking exceptions
2022-10-17 16:32:24,204:INFO:Preloading libraries
2022-10-17 16:35:13,790:INFO:Initializing load_model()
2022-10-17 16:35:13,790:INFO:load_model(model_name=mymodel, platform=None, authentication=None, verbose=True)
2022-10-17 16:35:13,926:INFO:Initializing predict_model()
2022-10-17 16:35:13,926:INFO:predict_model(estimator=Pipeline(steps=[('dtypes',
                 DataTypes_Auto_infer(display_types=False,
                                      ml_usecase='classification',
                                      numerical_features=['feat_cell_capacity',
                                                          'feat_cell_throughput',
                                                          'feat_cn_bw_ordinal',
                                                          'feat_cqi',
                                                          'feat_interference',
                                                          'feat_pusch_sinr',
                                                          'feat_rsrp',
                                                          'feat_ta'],
                                      target='good_download_throughput')),
                ('imputer',
                 Simple_Imputer(categorical_strategy='not_available'...
                ('clean_names', Clean_Colum_Names()),
                ('feature_select', 'passthrough'), ('fix_multi', 'passthrough'),
                ('dfs', 'passthrough'), ('pca', 'passthrough'),
                ['trained_model',
                 LGBMClassifier(bagging_fraction=0.6, bagging_freq=0,
                                feature_fraction=0.7, learning_rate=0.15,
                                min_child_samples=66, min_split_gain=0.6,
                                n_estimators=110, num_leaves=80,
                                random_state=43, reg_alpha=1, reg_lambda=1,
                                silent=True)]]), probability_threshold=None, encoded_labels=True, drift_report=False, raw_score=False, round=4, verbose=True, ml_usecase=MLUsecase.REGRESSION, display=None, drift_kwargs=None)
2022-10-17 16:35:13,926:INFO:Checking exceptions
2022-10-17 16:35:13,926:INFO:Preloading libraries
2022-10-17 16:37:53,781:INFO:Initializing load_model()
2022-10-17 16:37:53,781:INFO:load_model(model_name=mymodel, platform=None, authentication=None, verbose=True)
2022-10-17 16:37:53,829:INFO:Initializing predict_model()
2022-10-17 16:37:53,829:INFO:predict_model(estimator=Pipeline(steps=[('dtypes',
                 DataTypes_Auto_infer(display_types=False,
                                      ml_usecase='classification',
                                      numerical_features=['feat_cell_capacity',
                                                          'feat_cell_throughput',
                                                          'feat_cn_bw_ordinal',
                                                          'feat_cqi',
                                                          'feat_interference',
                                                          'feat_pusch_sinr',
                                                          'feat_rsrp',
                                                          'feat_ta'],
                                      target='good_download_throughput')),
                ('imputer',
                 Simple_Imputer(categorical_strategy='not_available'...
                ('clean_names', Clean_Colum_Names()),
                ('feature_select', 'passthrough'), ('fix_multi', 'passthrough'),
                ('dfs', 'passthrough'), ('pca', 'passthrough'),
                ['trained_model',
                 LGBMClassifier(bagging_fraction=0.6, bagging_freq=0,
                                feature_fraction=0.7, learning_rate=0.15,
                                min_child_samples=66, min_split_gain=0.6,
                                n_estimators=110, num_leaves=80,
                                random_state=43, reg_alpha=1, reg_lambda=1,
                                silent=True)]]), probability_threshold=None, encoded_labels=True, drift_report=False, raw_score=False, round=4, verbose=True, ml_usecase=MLUsecase.REGRESSION, display=None, drift_kwargs=None)
2022-10-17 16:37:53,830:INFO:Checking exceptions
2022-10-17 16:37:53,830:INFO:Preloading libraries
2022-10-17 16:38:12,657:INFO:Initializing load_model()
2022-10-17 16:38:12,657:INFO:load_model(model_name=mymodel, platform=None, authentication=None, verbose=True)
2022-10-17 16:38:12,702:INFO:Initializing predict_model()
2022-10-17 16:38:12,702:INFO:predict_model(estimator=Pipeline(steps=[('dtypes',
                 DataTypes_Auto_infer(display_types=False,
                                      ml_usecase='classification',
                                      numerical_features=['feat_cell_capacity',
                                                          'feat_cell_throughput',
                                                          'feat_cn_bw_ordinal',
                                                          'feat_cqi',
                                                          'feat_interference',
                                                          'feat_pusch_sinr',
                                                          'feat_rsrp',
                                                          'feat_ta'],
                                      target='good_download_throughput')),
                ('imputer',
                 Simple_Imputer(categorical_strategy='not_available'...
                ('clean_names', Clean_Colum_Names()),
                ('feature_select', 'passthrough'), ('fix_multi', 'passthrough'),
                ('dfs', 'passthrough'), ('pca', 'passthrough'),
                ['trained_model',
                 LGBMClassifier(bagging_fraction=0.6, bagging_freq=0,
                                feature_fraction=0.7, learning_rate=0.15,
                                min_child_samples=66, min_split_gain=0.6,
                                n_estimators=110, num_leaves=80,
                                random_state=43, reg_alpha=1, reg_lambda=1,
                                silent=True)]]), probability_threshold=None, encoded_labels=True, drift_report=False, raw_score=False, round=4, verbose=True, ml_usecase=MLUsecase.REGRESSION, display=None, drift_kwargs=None)
2022-10-17 16:38:12,702:INFO:Checking exceptions
2022-10-17 16:38:12,702:INFO:Preloading libraries
2022-10-17 16:38:30,115:INFO:Initializing load_model()
2022-10-17 16:38:30,115:INFO:load_model(model_name=mymodel, platform=None, authentication=None, verbose=True)
2022-10-17 16:38:30,242:INFO:Initializing predict_model()
2022-10-17 16:38:30,243:INFO:predict_model(estimator=Pipeline(steps=[('dtypes',
                 DataTypes_Auto_infer(display_types=False,
                                      ml_usecase='classification',
                                      numerical_features=['feat_cell_capacity',
                                                          'feat_cell_throughput',
                                                          'feat_cn_bw_ordinal',
                                                          'feat_cqi',
                                                          'feat_interference',
                                                          'feat_pusch_sinr',
                                                          'feat_rsrp',
                                                          'feat_ta'],
                                      target='good_download_throughput')),
                ('imputer',
                 Simple_Imputer(categorical_strategy='not_available'...
                ('clean_names', Clean_Colum_Names()),
                ('feature_select', 'passthrough'), ('fix_multi', 'passthrough'),
                ('dfs', 'passthrough'), ('pca', 'passthrough'),
                ['trained_model',
                 LGBMClassifier(bagging_fraction=0.6, bagging_freq=0,
                                feature_fraction=0.7, learning_rate=0.15,
                                min_child_samples=66, min_split_gain=0.6,
                                n_estimators=110, num_leaves=80,
                                random_state=43, reg_alpha=1, reg_lambda=1,
                                silent=True)]]), probability_threshold=None, encoded_labels=True, drift_report=False, raw_score=False, round=4, verbose=True, ml_usecase=MLUsecase.REGRESSION, display=None, drift_kwargs=None)
2022-10-17 16:38:30,243:INFO:Checking exceptions
2022-10-17 16:38:30,243:INFO:Preloading libraries
2022-10-17 16:39:18,605:INFO:Initializing load_model()
2022-10-17 16:39:18,605:INFO:load_model(model_name=mymodel, platform=None, authentication=None, verbose=True)
2022-10-17 16:39:18,963:INFO:Initializing load_model()
2022-10-17 16:39:18,963:INFO:load_model(model_name=diamond-pipeline, platform=None, authentication=None, verbose=True)
2022-10-17 16:39:36,440:INFO:Initializing load_model()
2022-10-17 16:39:36,440:INFO:load_model(model_name=mymodel, platform=None, authentication=None, verbose=True)
2022-10-17 16:39:36,890:INFO:Initializing load_model()
2022-10-17 16:39:36,890:INFO:load_model(model_name=diamond-pipeline, platform=None, authentication=None, verbose=True)
2022-10-17 16:39:44,787:INFO:Initializing load_model()
2022-10-17 16:39:44,787:INFO:load_model(model_name=mymodel, platform=None, authentication=None, verbose=True)
2022-10-17 16:39:45,127:INFO:Initializing load_model()
2022-10-17 16:39:45,127:INFO:load_model(model_name=diamond-pipeline, platform=None, authentication=None, verbose=True)
2022-10-17 16:39:59,879:INFO:Initializing load_model()
2022-10-17 16:39:59,879:INFO:load_model(model_name=mymodel, platform=None, authentication=None, verbose=True)
2022-10-17 16:40:00,182:INFO:Initializing load_model()
2022-10-17 16:40:00,182:INFO:load_model(model_name=mymodel, platform=None, authentication=None, verbose=True)
2022-10-17 16:42:17,034:INFO:Initializing load_model()
2022-10-17 16:42:17,035:INFO:load_model(model_name=mymodel, platform=None, authentication=None, verbose=True)
2022-10-17 16:42:17,048:INFO:Initializing predict_model()
2022-10-17 16:42:17,048:INFO:predict_model(estimator=<function load_model at 0x1458623a0>, probability_threshold=None, encoded_labels=False, drift_report=False, raw_score=False, round=4, verbose=True, ml_usecase=MLUsecase.CLASSIFICATION, display=None, drift_kwargs=None)
2022-10-17 16:42:17,048:INFO:Checking exceptions
2022-10-17 16:42:17,048:INFO:Preloading libraries
2022-10-17 16:42:17,048:ERROR:Pipeline not found. Exception:
2022-10-17 16:42:17,052:ERROR:Traceback (most recent call last):
  File "/Users/ashutosh20.mishra/Desktop/image_classification/my/lib/python3.8/site-packages/pycaret/internal/tabular.py", line 9044, in predict_model
    dtypes = prep_pipe.named_steps["dtypes"]
NameError: name 'prep_pipe' is not defined

2022-10-17 17:19:08,800:INFO:Initializing load_model()
2022-10-17 17:19:08,800:INFO:load_model(model_name=mymodel, platform=None, authentication=None, verbose=True)
2022-10-17 17:19:08,813:INFO:Initializing predict_model()
2022-10-17 17:19:08,813:INFO:predict_model(estimator=<function load_model at 0x1490873a0>, probability_threshold=None, encoded_labels=False, drift_report=False, raw_score=False, round=4, verbose=True, ml_usecase=MLUsecase.CLASSIFICATION, display=None, drift_kwargs=None)
2022-10-17 17:19:08,813:INFO:Checking exceptions
2022-10-17 17:19:08,813:INFO:Preloading libraries
2022-10-17 17:19:08,813:ERROR:Pipeline not found. Exception:
2022-10-17 17:19:08,818:ERROR:Traceback (most recent call last):
  File "/Users/ashutosh20.mishra/Desktop/image_classification/my/lib/python3.8/site-packages/pycaret/internal/tabular.py", line 9044, in predict_model
    dtypes = prep_pipe.named_steps["dtypes"]
NameError: name 'prep_pipe' is not defined

2022-10-17 17:23:30,781:INFO:Initializing load_model()
2022-10-17 17:23:30,781:INFO:load_model(model_name=mymodel, platform=None, authentication=None, verbose=True)
2022-10-17 17:23:30,824:INFO:Initializing predict_model()
2022-10-17 17:23:30,825:INFO:predict_model(estimator=Pipeline(steps=[('dtypes',
                 DataTypes_Auto_infer(display_types=False,
                                      ml_usecase='classification',
                                      numerical_features=['feat_cell_capacity',
                                                          'feat_cell_throughput',
                                                          'feat_cn_bw_ordinal',
                                                          'feat_cqi',
                                                          'feat_interference',
                                                          'feat_pusch_sinr',
                                                          'feat_rsrp',
                                                          'feat_ta'],
                                      target='good_download_throughput')),
                ('imputer',
                 Simple_Imputer(categorical_strategy='not_available'...
                ('clean_names', Clean_Colum_Names()),
                ('feature_select', 'passthrough'), ('fix_multi', 'passthrough'),
                ('dfs', 'passthrough'), ('pca', 'passthrough'),
                ['trained_model',
                 LGBMClassifier(bagging_fraction=0.6, bagging_freq=0,
                                feature_fraction=0.7, learning_rate=0.15,
                                min_child_samples=66, min_split_gain=0.6,
                                n_estimators=110, num_leaves=80,
                                random_state=43, reg_alpha=1, reg_lambda=1,
                                silent=True)]]), probability_threshold=None, encoded_labels=False, drift_report=False, raw_score=False, round=4, verbose=True, ml_usecase=MLUsecase.CLASSIFICATION, display=None, drift_kwargs=None)
2022-10-17 17:23:30,825:INFO:Checking exceptions
2022-10-17 17:23:30,825:INFO:Preloading libraries
2022-10-17 17:26:22,435:INFO:Initializing load_model()
2022-10-17 17:26:22,435:INFO:load_model(model_name=mymodel, platform=None, authentication=None, verbose=True)
2022-10-17 17:26:50,362:INFO:Initializing load_model()
2022-10-17 17:26:50,362:INFO:load_model(model_name=mymodel, platform=None, authentication=None, verbose=True)
2022-10-17 17:26:50,406:INFO:Initializing predict_model()
2022-10-17 17:26:50,406:INFO:predict_model(estimator=Pipeline(steps=[('dtypes',
                 DataTypes_Auto_infer(display_types=False,
                                      ml_usecase='classification',
                                      numerical_features=['feat_cell_capacity',
                                                          'feat_cell_throughput',
                                                          'feat_cn_bw_ordinal',
                                                          'feat_cqi',
                                                          'feat_interference',
                                                          'feat_pusch_sinr',
                                                          'feat_rsrp',
                                                          'feat_ta'],
                                      target='good_download_throughput')),
                ('imputer',
                 Simple_Imputer(categorical_strategy='not_available'...
                ('clean_names', Clean_Colum_Names()),
                ('feature_select', 'passthrough'), ('fix_multi', 'passthrough'),
                ('dfs', 'passthrough'), ('pca', 'passthrough'),
                ['trained_model',
                 LGBMClassifier(bagging_fraction=0.6, bagging_freq=0,
                                feature_fraction=0.7, learning_rate=0.15,
                                min_child_samples=66, min_split_gain=0.6,
                                n_estimators=110, num_leaves=80,
                                random_state=43, reg_alpha=1, reg_lambda=1,
                                silent=True)]]), probability_threshold=None, encoded_labels=False, drift_report=False, raw_score=False, round=4, verbose=True, ml_usecase=MLUsecase.CLASSIFICATION, display=None, drift_kwargs=None)
2022-10-17 17:26:50,406:INFO:Checking exceptions
2022-10-17 17:26:50,406:INFO:Preloading libraries
2022-10-17 17:28:12,077:INFO:Initializing load_model()
2022-10-17 17:28:12,078:INFO:load_model(model_name=mymodel, platform=None, authentication=None, verbose=True)
2022-10-17 17:28:12,124:INFO:Initializing predict_model()
2022-10-17 17:28:12,124:INFO:predict_model(estimator=Pipeline(steps=[('dtypes',
                 DataTypes_Auto_infer(display_types=False,
                                      ml_usecase='classification',
                                      numerical_features=['feat_cell_capacity',
                                                          'feat_cell_throughput',
                                                          'feat_cn_bw_ordinal',
                                                          'feat_cqi',
                                                          'feat_interference',
                                                          'feat_pusch_sinr',
                                                          'feat_rsrp',
                                                          'feat_ta'],
                                      target='good_download_throughput')),
                ('imputer',
                 Simple_Imputer(categorical_strategy='not_available'...
                ('clean_names', Clean_Colum_Names()),
                ('feature_select', 'passthrough'), ('fix_multi', 'passthrough'),
                ('dfs', 'passthrough'), ('pca', 'passthrough'),
                ['trained_model',
                 LGBMClassifier(bagging_fraction=0.6, bagging_freq=0,
                                feature_fraction=0.7, learning_rate=0.15,
                                min_child_samples=66, min_split_gain=0.6,
                                n_estimators=110, num_leaves=80,
                                random_state=43, reg_alpha=1, reg_lambda=1,
                                silent=True)]]), probability_threshold=None, encoded_labels=False, drift_report=False, raw_score=False, round=4, verbose=True, ml_usecase=MLUsecase.CLASSIFICATION, display=None, drift_kwargs=None)
2022-10-17 17:28:12,124:INFO:Checking exceptions
2022-10-17 17:28:12,124:INFO:Preloading libraries
2022-10-17 17:28:59,681:INFO:Initializing load_model()
2022-10-17 17:28:59,682:INFO:load_model(model_name=mymodel, platform=None, authentication=None, verbose=True)
2022-10-17 17:28:59,724:INFO:Initializing predict_model()
2022-10-17 17:28:59,724:INFO:predict_model(estimator=Pipeline(steps=[('dtypes',
                 DataTypes_Auto_infer(display_types=False,
                                      ml_usecase='classification',
                                      numerical_features=['feat_cell_capacity',
                                                          'feat_cell_throughput',
                                                          'feat_cn_bw_ordinal',
                                                          'feat_cqi',
                                                          'feat_interference',
                                                          'feat_pusch_sinr',
                                                          'feat_rsrp',
                                                          'feat_ta'],
                                      target='good_download_throughput')),
                ('imputer',
                 Simple_Imputer(categorical_strategy='not_available'...
                ('clean_names', Clean_Colum_Names()),
                ('feature_select', 'passthrough'), ('fix_multi', 'passthrough'),
                ('dfs', 'passthrough'), ('pca', 'passthrough'),
                ['trained_model',
                 LGBMClassifier(bagging_fraction=0.6, bagging_freq=0,
                                feature_fraction=0.7, learning_rate=0.15,
                                min_child_samples=66, min_split_gain=0.6,
                                n_estimators=110, num_leaves=80,
                                random_state=43, reg_alpha=1, reg_lambda=1,
                                silent=True)]]), probability_threshold=None, encoded_labels=False, drift_report=False, raw_score=False, round=4, verbose=True, ml_usecase=MLUsecase.CLASSIFICATION, display=None, drift_kwargs=None)
2022-10-17 17:28:59,724:INFO:Checking exceptions
2022-10-17 17:28:59,724:INFO:Preloading libraries
2022-10-17 17:35:54,206:INFO:Initializing load_model()
2022-10-17 17:35:54,206:INFO:load_model(model_name=mymodel, platform=None, authentication=None, verbose=True)
2022-10-17 17:53:46,531:INFO:Initializing load_model()
2022-10-17 17:53:46,531:INFO:load_model(model_name=mymodel, platform=None, authentication=None, verbose=True)
2022-10-17 17:53:46,574:INFO:Initializing predict_model()
2022-10-17 17:53:46,574:INFO:predict_model(estimator=Pipeline(steps=[('dtypes',
                 DataTypes_Auto_infer(display_types=False,
                                      ml_usecase='classification',
                                      numerical_features=['feat_cell_capacity',
                                                          'feat_cell_throughput',
                                                          'feat_cn_bw_ordinal',
                                                          'feat_cqi',
                                                          'feat_interference',
                                                          'feat_pusch_sinr',
                                                          'feat_rsrp',
                                                          'feat_ta'],
                                      target='good_download_throughput')),
                ('imputer',
                 Simple_Imputer(categorical_strategy='not_available'...
                ('clean_names', Clean_Colum_Names()),
                ('feature_select', 'passthrough'), ('fix_multi', 'passthrough'),
                ('dfs', 'passthrough'), ('pca', 'passthrough'),
                ['trained_model',
                 LGBMClassifier(bagging_fraction=0.6, bagging_freq=0,
                                feature_fraction=0.7, learning_rate=0.15,
                                min_child_samples=66, min_split_gain=0.6,
                                n_estimators=110, num_leaves=80,
                                random_state=43, reg_alpha=1, reg_lambda=1,
                                silent=True)]]), probability_threshold=None, encoded_labels=False, drift_report=False, raw_score=False, round=4, verbose=True, ml_usecase=MLUsecase.CLASSIFICATION, display=None, drift_kwargs=None)
2022-10-17 17:53:46,574:INFO:Checking exceptions
2022-10-17 17:53:46,574:INFO:Preloading libraries
2022-10-17 17:54:47,283:INFO:Initializing load_model()
2022-10-17 17:54:47,283:INFO:load_model(model_name=mymodel, platform=None, authentication=None, verbose=True)
2022-10-17 17:54:47,329:INFO:Initializing predict_model()
2022-10-17 17:54:47,329:INFO:predict_model(estimator=Pipeline(steps=[('dtypes',
                 DataTypes_Auto_infer(display_types=False,
                                      ml_usecase='classification',
                                      numerical_features=['feat_cell_capacity',
                                                          'feat_cell_throughput',
                                                          'feat_cn_bw_ordinal',
                                                          'feat_cqi',
                                                          'feat_interference',
                                                          'feat_pusch_sinr',
                                                          'feat_rsrp',
                                                          'feat_ta'],
                                      target='good_download_throughput')),
                ('imputer',
                 Simple_Imputer(categorical_strategy='not_available'...
                ('clean_names', Clean_Colum_Names()),
                ('feature_select', 'passthrough'), ('fix_multi', 'passthrough'),
                ('dfs', 'passthrough'), ('pca', 'passthrough'),
                ['trained_model',
                 LGBMClassifier(bagging_fraction=0.6, bagging_freq=0,
                                feature_fraction=0.7, learning_rate=0.15,
                                min_child_samples=66, min_split_gain=0.6,
                                n_estimators=110, num_leaves=80,
                                random_state=43, reg_alpha=1, reg_lambda=1,
                                silent=True)]]), probability_threshold=None, encoded_labels=False, drift_report=False, raw_score=False, round=4, verbose=True, ml_usecase=MLUsecase.CLASSIFICATION, display=None, drift_kwargs=None)
2022-10-17 17:54:47,329:INFO:Checking exceptions
2022-10-17 17:54:47,329:INFO:Preloading libraries
2022-10-17 17:56:39,292:INFO:Initializing load_model()
2022-10-17 17:56:39,293:INFO:load_model(model_name=mymodel, platform=None, authentication=None, verbose=True)
2022-10-17 17:58:29,220:INFO:Initializing load_model()
2022-10-17 17:58:29,220:INFO:load_model(model_name=mymodel, platform=None, authentication=None, verbose=True)
2022-10-17 17:58:47,185:INFO:Initializing load_model()
2022-10-17 17:58:47,185:INFO:load_model(model_name=mymodel, platform=None, authentication=None, verbose=True)
2022-10-17 17:58:47,228:INFO:Initializing predict_model()
2022-10-17 17:58:47,228:INFO:predict_model(estimator=Pipeline(steps=[('dtypes',
                 DataTypes_Auto_infer(display_types=False,
                                      ml_usecase='classification',
                                      numerical_features=['feat_cell_capacity',
                                                          'feat_cell_throughput',
                                                          'feat_cn_bw_ordinal',
                                                          'feat_cqi',
                                                          'feat_interference',
                                                          'feat_pusch_sinr',
                                                          'feat_rsrp',
                                                          'feat_ta'],
                                      target='good_download_throughput')),
                ('imputer',
                 Simple_Imputer(categorical_strategy='not_available'...
                ('clean_names', Clean_Colum_Names()),
                ('feature_select', 'passthrough'), ('fix_multi', 'passthrough'),
                ('dfs', 'passthrough'), ('pca', 'passthrough'),
                ['trained_model',
                 LGBMClassifier(bagging_fraction=0.6, bagging_freq=0,
                                feature_fraction=0.7, learning_rate=0.15,
                                min_child_samples=66, min_split_gain=0.6,
                                n_estimators=110, num_leaves=80,
                                random_state=43, reg_alpha=1, reg_lambda=1,
                                silent=True)]]), probability_threshold=None, encoded_labels=False, drift_report=False, raw_score=False, round=4, verbose=True, ml_usecase=MLUsecase.CLASSIFICATION, display=None, drift_kwargs=None)
2022-10-17 17:58:47,228:INFO:Checking exceptions
2022-10-17 17:58:47,228:INFO:Preloading libraries
2022-10-17 22:29:36,752:INFO:Initializing load_model()
2022-10-17 22:29:36,753:INFO:load_model(model_name=mymodel, platform=None, authentication=None, verbose=True)
2022-10-17 22:34:11,691:INFO:Initializing load_model()
2022-10-17 22:34:11,692:INFO:load_model(model_name=mymodel, platform=None, authentication=None, verbose=True)
2022-10-17 22:34:38,483:INFO:Initializing load_model()
2022-10-17 22:34:38,483:INFO:load_model(model_name=mymodel, platform=None, authentication=None, verbose=True)
2022-10-17 23:19:45,583:INFO:Initializing load_model()
2022-10-17 23:19:45,583:INFO:load_model(model_name=mymodel, platform=None, authentication=None, verbose=True)
2022-10-17 23:20:37,823:INFO:Initializing predict_model()
2022-10-17 23:20:37,823:INFO:predict_model(estimator=Pipeline(steps=[('dtypes',
                 DataTypes_Auto_infer(display_types=False,
                                      ml_usecase='classification',
                                      numerical_features=['feat_cell_capacity',
                                                          'feat_cell_throughput',
                                                          'feat_cn_bw_ordinal',
                                                          'feat_cqi',
                                                          'feat_interference',
                                                          'feat_pusch_sinr',
                                                          'feat_rsrp',
                                                          'feat_ta'],
                                      target='good_download_throughput')),
                ('imputer',
                 Simple_Imputer(categorical_strategy='not_available'...
                ('clean_names', Clean_Colum_Names()),
                ('feature_select', 'passthrough'), ('fix_multi', 'passthrough'),
                ('dfs', 'passthrough'), ('pca', 'passthrough'),
                ['trained_model',
                 LGBMClassifier(bagging_fraction=0.6, bagging_freq=0,
                                feature_fraction=0.7, learning_rate=0.15,
                                min_child_samples=66, min_split_gain=0.6,
                                n_estimators=110, num_leaves=80,
                                random_state=43, reg_alpha=1, reg_lambda=1,
                                silent=True)]]), probability_threshold=None, encoded_labels=True, drift_report=False, raw_score=False, round=4, verbose=True, ml_usecase=MLUsecase.REGRESSION, display=None, drift_kwargs=None)
2022-10-17 23:20:37,823:INFO:Checking exceptions
2022-10-17 23:20:37,823:INFO:Preloading libraries
2022-10-18 12:50:19,780:INFO:Initializing load_model()
2022-10-18 12:50:19,780:INFO:load_model(model_name=mymodel, platform=None, authentication=None, verbose=True)
